<?xml version="1.0" encoding="UTF-8"?>
<testng-results ignored="0" total="1" passed="1" failed="0" skipped="0">
  <reporter-output>
  </reporter-output>
  <suite started-at="2024-07-22T23:15:58 IST" name="Suite1" finished-at="2024-07-22T23:15:58 IST" duration-ms="76">
    <groups>
    </groups>
    <test started-at="2024-07-22T23:15:58 IST" name="Test1" finished-at="2024-07-22T23:15:58 IST" duration-ms="76">
      <class name="com.testng.Test1">
        <test-method signature="test1()[pri:0, instance:com.testng.Test1@247d8ae]" started-at="2024-07-22T23:15:58 IST" name="test1" finished-at="2024-07-22T23:15:58 IST" duration-ms="13" status="PASS">
          <reporter-output>
          </reporter-output>
        </test-method> <!-- test1 -->
      </class> <!-- com.testng.Test1 -->
    </test> <!-- Test1 -->
  </suite> <!-- Suite1 -->
</testng-results>
